<?xml version="1.0" encoding="UTF-8"?>
<testsuite xmlns:xsi="http://www.w3.org/2001/XMLSchema-instance" xsi:noNamespaceSchemaLocation="https://maven.apache.org/surefire/maven-surefire-plugin/xsd/surefire-test-report.xsd" version="3.0.2" name="org.simu.client.ClientApplicationTests" time="1.945" tests="1" errors="0" skipped="0" failures="0">
  <properties>
[...]
</properties>
  <testcase name="contextLoads" classname="org.simu.client.ClientApplicationTests" time="0.572">
    <system-out><![CDATA[04:39:28.464 [main] INFO org.springframework.test.context.support.AnnotationConfigContextLoaderUtils -- Could not detect default configuration classes for test class [org.simu.client.ClientApplicationTests]: ClientApplicationTests does not declare any static, non-private, non-final, nested classes annotated with @Configuration.
04:39:28.549 [main] INFO org.springframework.boot.test.context.SpringBootTestContextBootstrapper -- Found @SpringBootConfiguration org.simu.client.ClientApplication for test class org.simu.client.ClientApplicationTests

  .   ____          _            __ _ _
 /\\ / ___'_ __ _ _(_)_ __  __ _ \ \ \ \
( ( )\___ | '_ | '_| | '_ \/ _` | \ \ \ \
 \\/  ___)| |_)| | | | | || (_| |  ) ) ) )
  '  |____| .__|_| |_|_| |_\__, | / / / /
 =========|_|==============|___/=/_/_/_/

 :: Spring Boot ::                (v3.4.3)

2025-04-11T04:39:28.878+03:00  INFO 9112 --- [Client] [           main] org.simu.client.ClientApplicationTests   : Starting ClientApplicationTests using Java 19.0.2 with PID 9112 (started by vllad in C:\Users\vllad\IdeaProjects\Client)
2025-04-11T04:39:28.880+03:00  INFO 9112 --- [Client] [           main] org.simu.client.ClientApplicationTests   : No active profile set, falling back to 1 default profile: "default"
2025-04-11T04:39:29.706+03:00  INFO 9112 --- [Client] [           main] org.simu.client.ClientApplicationTests   : Started ClientApplicationTests in 1.042 seconds (process running for 1.73)
]]></system-out>
  </testcase>
</testsuite>